\BOOKMARK [1][-]{section.1}{Introduction}{}% 1
\BOOKMARK [1][-]{section.2}{Data Scraped, Downloaded, Cleaned \046 Engineered}{}% 2
\BOOKMARK [2][-]{subsection.2.1}{Dataset}{section.2}% 3
\BOOKMARK [2][-]{subsection.2.2}{Cleaning Data}{section.2}% 4
\BOOKMARK [2][-]{subsection.2.3}{Feature Engineering}{section.2}% 5
\BOOKMARK [3][-]{subsubsection.2.3.1}{Actor Network}{subsection.2.3}% 6
\BOOKMARK [2][-]{subsection.2.4}{Final Dataset}{section.2}% 7
\BOOKMARK [1][-]{section.3}{Methods}{}% 8
\BOOKMARK [2][-]{subsection.3.1}{PCA}{section.3}% 9
\BOOKMARK [2][-]{subsection.3.2}{Linear Regression Model}{section.3}% 10
\BOOKMARK [3][-]{subsubsection.3.2.1}{Linear Regression Model Analysis}{subsection.3.2}% 11
\BOOKMARK [2][-]{subsection.3.3}{Ridge Regression Model }{section.3}% 12
\BOOKMARK [3][-]{subsubsection.3.3.1}{Ridge Regression Model Analysis}{subsection.3.3}% 13
\BOOKMARK [2][-]{subsection.3.4}{Random Forest Regression Model }{section.3}% 14
\BOOKMARK [3][-]{subsubsection.3.4.1}{Random Forest Regression Model Analysis}{subsection.3.4}% 15
\BOOKMARK [2][-]{subsection.3.5}{Catboost Regression Model}{section.3}% 16
\BOOKMARK [3][-]{subsubsection.3.5.1}{Catboost Regression Model Analysis}{subsection.3.5}% 17
\BOOKMARK [2][-]{subsection.3.6}{Neural Network Classification Model}{section.3}% 18
\BOOKMARK [3][-]{subsubsection.3.6.1}{Neural Network Classification Model Analysis}{subsection.3.6}% 19
\BOOKMARK [1][-]{section.4}{Case Study}{}% 20
\BOOKMARK [1][-]{section.5}{Conclusion}{}% 21
\BOOKMARK [1][-]{section.6}{References}{}% 22
